\BOOKMARK [1][-]{section.1}{\376\377\004\033\004\065\004\072\004\106\004\070\004\117\000\040\0001}{}% 1
\BOOKMARK [2][-]{subsection.1.1}{\376\377\004\037\004\101\004\065\004\062\004\064\004\076\004\076\004\061\004\100\004\060\004\102\004\075\004\060\004\117\000\040\004\074\004\060\004\102\004\100\004\070\004\106\004\060}{section.1}% 2
\BOOKMARK [2][-]{subsection.1.2}{\376\377\004\041\004\072\004\065\004\073\004\065\004\102\004\075\004\076\004\065\000\040\004\100\004\060\004\067\004\073\004\076\004\066\004\065\004\075\004\070\004\065}{section.1}% 3
\BOOKMARK [2][-]{subsection.1.3}{\376\377\004\024\004\076\004\074\004\060\004\110\004\075\004\065\004\065\000\040\004\067\004\060\004\064\004\060\004\075\004\070\004\065\000\040\0001}{section.1}% 4
\BOOKMARK [1][-]{section.2}{\376\377\004\033\004\065\004\072\004\106\004\070\004\117\000\040\0002}{}% 5
\BOOKMARK [2][-]{subsection.2.1}{\376\377\004\041\004\072\004\065\004\073\004\065\004\102\004\075\004\076\004\065\000\040\004\100\004\060\004\067\004\073\004\076\004\066\004\065\004\075\004\070\004\065\000\040\000\050\004\077\004\100\004\076\004\064\004\076\004\073\004\066\004\065\004\075\004\070\004\065\000\051}{section.2}% 6
\BOOKMARK [2][-]{subsection.2.2}{\376\377\004\040\004\065\004\110\004\065\004\075\004\070\004\065\000\040\004\077\004\076\000\040\004\034\004\035\004\032}{section.2}% 7
\BOOKMARK [2][-]{subsection.2.3}{\376\377\004\041\004\070\004\075\004\063\004\103\004\073\004\117\004\100\004\075\004\076\004\065\000\040\004\100\004\060\004\067\004\073\004\076\004\066\004\065\004\075\004\070\004\065\000\040\000\050\000S\000V\000D\000\051}{section.2}% 8
\BOOKMARK [2][-]{subsection.2.4}{\376\377\004\033\004\070\004\075\004\065\004\071\004\075\004\060\004\117\000\040\004\100\004\065\004\063\004\100\004\065\004\101\004\101\004\070\004\117}{section.2}% 9
\BOOKMARK [2][-]{subsection.2.5}{\376\377\004\024\004\076\004\074\004\060\004\110\004\075\004\065\004\065\000\040\004\067\004\060\004\064\004\060\004\075\004\070\004\065\000\040\0002}{section.2}% 10
\BOOKMARK [1][-]{section.3}{\376\377\004\033\004\065\004\072\004\106\004\070\004\117\000\040\0003}{}% 11
\BOOKMARK [2][-]{subsection.3.1}{\376\377\004\037\004\076\004\073\004\070\004\075\004\076\004\074\004\070\004\060\004\073\004\114\004\075\004\060\004\117\000\040\004\070\004\075\004\102\004\065\004\100\004\077\004\076\004\073\004\117\004\106\004\070\004\117}{section.3}% 12
\BOOKMARK [2][-]{subsection.3.2}{\376\377\004\030\004\075\004\102\004\065\004\100\004\077\004\076\004\073\004\117\004\106\004\070\004\117\000\040\004\101\000\040\004\072\004\100\004\060\004\102\004\075\004\113\004\074\004\070\000\040\004\103\004\067\004\073\004\060\004\074\004\070}{section.3}% 13
\BOOKMARK [2][-]{subsection.3.3}{\376\377\004\041\004\077\004\073\004\060\004\071\004\075\004\113}{section.3}% 14
\BOOKMARK [2][-]{subsection.3.4}{\376\377\004\032\004\100\004\070\004\062\004\060\004\117\000\040\004\021\004\065\004\067\004\114\004\065}{section.3}% 15
\BOOKMARK [2][-]{subsection.3.5}{\376\377\004\024\004\076\004\074\004\060\004\110\004\075\004\065\004\065\000\040\004\067\004\060\004\064\004\060\004\075\004\070\004\065\000\040\0003}{section.3}% 16
\BOOKMARK [1][-]{section.4}{\376\377\004\033\004\065\004\072\004\106\004\070\004\117\000\040\0004}{}% 17
\BOOKMARK [2][-]{subsection.4.1}{\376\377\004\034\004\065\004\102\004\100\004\070\004\072\004\070}{section.4}% 18
\BOOKMARK [2][-]{subsection.4.2}{\376\377\004\035\004\076\004\100\004\074\004\113}{section.4}% 19
\BOOKMARK [2][-]{subsection.4.3}{\376\377\004\024\004\076\004\074\004\060\004\110\004\075\004\065\004\065\000\040\004\067\004\060\004\064\004\060\004\075\004\070\004\065\000\040\0004}{section.4}% 20
\BOOKMARK [1][-]{section.5}{\376\377\004\033\004\065\004\072\004\106\004\070\004\117\000\040\0005}{}% 21
\BOOKMARK [2][-]{subsection.5.1}{\376\377\004\042\004\065\004\076\004\100\004\065\004\074\004\060\000\040\004\034\004\070\004\075\004\072\004\076\004\062\004\101\004\072\004\076\004\063\004\076}{section.5}% 22
\BOOKMARK [2][-]{subsection.5.2}{\376\377\004\041\004\072\004\060\004\073\004\117\004\100\004\075\004\076\004\065\000\040\004\077\004\100\004\076\004\070\004\067\004\062\004\065\004\064\004\065\004\075\004\070\004\065}{section.5}% 23
\BOOKMARK [2][-]{subsection.5.3}{\376\377\004\036\004\100\004\102\004\076\004\063\004\076\004\075\004\060\004\073\004\114\004\075\004\113\004\065\000\040\004\101\004\070\004\101\004\102\004\065\004\074\004\113}{section.5}% 24
\BOOKMARK [2][-]{subsection.5.4}{\376\377\004\024\004\076\004\074\004\060\004\110\004\075\004\065\004\065\000\040\004\067\004\060\004\064\004\060\004\075\004\070\004\065\000\040\0005}{section.5}% 25
\BOOKMARK [1][-]{section.6}{\376\377\004\033\004\065\004\072\004\106\004\070\004\117\000\040\0006}{}% 26
\BOOKMARK [2][-]{subsection.6.1}{\376\377\004\034\004\075\004\076\004\063\004\076\004\107\004\073\004\065\004\075\004\113\000\040\004\047\004\065\004\061\004\113\004\110\004\065\004\062\004\060\000\040\0001\000\040\004\100\004\076\004\064\004\060}{section.6}% 27
\BOOKMARK [2][-]{subsection.6.2}{\376\377\004\034\004\075\004\076\004\063\004\076\004\107\004\073\004\065\004\075\004\113\000\040\004\047\004\065\004\061\004\113\004\110\004\065\004\062\004\060\000\040\0002\000\040\004\100\004\076\004\064\004\060}{section.6}% 28
\BOOKMARK [2][-]{subsection.6.3}{\376\377\004\043\004\072\004\073\004\076\004\075\004\065\004\075\004\070\004\065\000\040\004\076\004\102\000\040\004\075\004\103\004\073\004\117\000\040\004\070\000\040\004\075\004\076\004\100\004\074\004\060\000\040\004\047\004\065\004\061\004\113\004\110\004\065\004\062\004\060}{section.6}% 29
\BOOKMARK [2][-]{subsection.6.4}{\376\377\004\024\004\076\004\074\004\060\004\110\004\075\004\065\004\065\000\040\004\067\004\060\004\064\004\060\004\075\004\070\004\065\000\040\0006}{section.6}% 30
\BOOKMARK [1][-]{section.7}{\376\377\004\033\004\065\004\072\004\106\004\070\004\117\000\040\0007}{}% 31
\BOOKMARK [2][-]{subsection.7.1}{\376\377\004\034\004\060\004\102\004\100\004\070\004\107\004\075\004\113\004\065\000\040\004\075\004\076\004\100\004\074\004\113}{section.7}% 32
\BOOKMARK [2][-]{subsection.7.2}{\376\377\004\030\004\075\004\064\004\103\004\106\004\070\004\100\004\076\004\062\004\060\004\075\004\075\004\113\004\065\000\040\004\075\004\076\004\100\004\074\004\113}{section.7}% 33
\BOOKMARK [2][-]{subsection.7.3}{\376\377\004\024\004\076\004\074\004\060\004\110\004\075\004\065\004\065\000\040\004\067\004\060\004\064\004\060\004\075\004\070\004\065\000\040\0007}{section.7}% 34
\BOOKMARK [1][-]{section.8}{\376\377\004\033\004\065\004\072\004\106\004\070\004\117\000\040\0008}{}% 35
\BOOKMARK [2][-]{subsection.8.1}{\376\377\004\041\004\070\004\075\004\063\004\103\004\073\004\117\004\100\004\075\004\113\004\071\000\040\004\070\000\040\004\041\004\077\004\065\004\072\004\102\004\100\004\060\004\073\004\114\004\075\004\113\004\071\000\040\004\100\004\060\004\064\004\070\004\103\004\101\004\113}{section.8}% 36
\BOOKMARK [2][-]{subsection.8.2}{\376\377\004\037\004\100\004\070\004\061\004\073\004\070\004\066\004\121\004\075\004\075\004\076\004\065\000\040\004\100\004\060\004\067\004\073\004\076\004\066\004\065\004\075\004\070\004\065\000\040\004\074\004\065\004\075\004\114\004\110\004\065\004\063\004\076\000\040\004\100\004\060\004\075\004\063\004\060}{section.8}% 37
\BOOKMARK [2][-]{subsection.8.3}{\376\377\004\024\004\076\004\074\004\060\004\110\004\075\004\065\004\065\000\040\004\067\004\060\004\064\004\060\004\075\004\070\004\065\000\040\0008}{section.8}% 38
\BOOKMARK [1][-]{section.9}{\376\377\004\033\004\065\004\072\004\106\004\070\004\117\000\040\0009}{}% 39
\BOOKMARK [2][-]{subsection.9.1}{\376\377\004\036\004\106\004\065\004\075\004\072\004\060\000\040\004\101\004\076\004\061\004\101\004\102\004\062\004\065\004\075\004\075\004\113\004\105\000\040\004\067\004\075\004\060\004\107\004\065\004\075\004\070\004\071}{section.9}% 40
\BOOKMARK [2][-]{subsection.9.2}{\376\377\004\032\004\100\004\060\004\102\004\075\004\076\004\101\004\102\004\070\000\040\004\101\004\076\004\061\004\101\004\102\004\062\004\065\004\075\004\075\004\113\004\105\000\040\004\067\004\075\004\060\004\107\004\065\004\075\004\070\004\071}{section.9}% 41
\BOOKMARK [2][-]{subsection.9.3}{\376\377\004\024\004\076\004\074\004\060\004\110\004\075\004\065\004\065\000\040\004\067\004\060\004\064\004\060\004\075\004\070\004\065\000\040\0009}{section.9}% 42
\BOOKMARK [1][-]{section.10}{\376\377\004\033\004\065\004\072\004\106\004\070\004\117\000\040\0001\0000}{}% 43
\BOOKMARK [2][-]{subsection.10.1}{\376\377\004\044\004\103\004\075\004\072\004\106\004\070\004\070\000\040\004\076\004\102\000\040\004\074\004\060\004\102\004\100\004\070\004\106}{section.10}% 44
\BOOKMARK [2][-]{subsection.10.2}{\376\377\004\026\004\076\004\100\004\064\004\060\004\075\004\076\004\062\004\060\000\040\004\104\004\076\004\100\004\074\004\060}{section.10}% 45
\BOOKMARK [2][-]{subsection.10.3}{\376\377\004\024\004\076\004\074\004\060\004\110\004\075\004\065\004\065\000\040\004\067\004\060\004\064\004\060\004\075\004\070\004\065\000\040\0001\0000}{section.10}% 46
\BOOKMARK [1][-]{section.11}{\376\377\004\033\004\065\004\072\004\106\004\070\004\117\000\040\0001\0001}{}% 47
\BOOKMARK [2][-]{subsection.11.1}{\376\377\004\040\004\065\004\110\004\065\004\075\004\070\004\065\000\040\004\101\004\070\004\101\004\102\004\065\004\074\000\040\004\073\004\070\004\075\004\065\004\071\004\075\004\113\004\105\000\040\004\103\004\100\004\060\004\062\004\075\004\065\004\075\004\070\004\071}{section.11}% 48
\BOOKMARK [2][-]{subsection.11.2}{\376\377\004\036\004\110\004\070\004\061\004\072\004\060\000\040\004\064\004\073\004\117\000\040\004\076\004\061\004\100\004\060\004\102\004\075\004\076\004\071\000\040\004\074\004\060\004\102\004\100\004\070\004\106\004\113}{section.11}% 49
\BOOKMARK [2][-]{subsection.11.3}{\376\377\004\024\004\076\004\074\004\060\004\110\004\075\004\065\004\065\000\040\004\067\004\060\004\064\004\060\004\075\004\070\004\065\000\040\0001\0001}{section.11}% 50
\BOOKMARK [1][-]{section.12}{\376\377\004\033\004\065\004\072\004\106\004\070\004\117\000\040\0001\0002}{}% 51
\BOOKMARK [2][-]{subsection.12.1}{\376\377\004\030\004\102\004\065\004\100\004\060\004\102\004\070\004\062\004\075\004\113\004\065\000\040\004\074\004\065\004\102\004\076\004\064\004\113\000\040\004\100\004\065\004\110\004\065\004\075\004\070\004\117\000\040\004\101\004\070\004\101\004\102\004\065\004\074\000\040\004\060\004\073\004\063\004\065\004\061\004\100\004\060\004\070\004\107\004\065\004\101\004\072\004\070\004\105\000\040\004\103\004\100\004\060\004\062\004\075\004\065\004\075\004\070\004\071}{section.12}% 52
\BOOKMARK [2][-]{subsection.12.2}{\376\377\004\034\004\065\004\102\004\076\004\064\000\040\004\027\004\065\004\071\004\064\004\065\004\073\004\117}{section.12}% 53
\BOOKMARK [2][-]{subsection.12.3}{\376\377\004\024\004\076\004\074\004\060\004\110\004\075\004\065\004\065\000\040\004\067\004\060\004\064\004\060\004\075\004\070\004\065\000\040\0001\0002}{section.12}% 54
\BOOKMARK [1][-]{section.13}{\376\377\004\033\004\065\004\072\004\106\004\070\004\117\000\040\0001\0003}{}% 55
\BOOKMARK [2][-]{subsection.13.1}{\376\377\004\030\004\102\004\065\004\100\004\060\004\102\004\070\004\062\004\075\004\076\004\065\000\040\004\100\004\065\004\110\004\065\004\075\004\070\004\065\000\040\004\101\004\070\004\101\004\102\004\065\004\074\000\040\004\073\004\070\004\075\004\065\004\071\004\075\004\113\004\105\000\040\004\103\004\100\004\060\004\062\004\075\004\065\004\075\004\070\004\071\000.}{section.13}% 56
\BOOKMARK [2][-]{subsection.13.2}{\376\377\004\034\004\065\004\102\004\076\004\064\000\040\004\070\004\102\004\065\004\100\004\060\004\106\004\070\004\071}{section.13}% 57
\BOOKMARK [2][-]{subsection.13.3}{\376\377\004\024\004\076\004\074\004\060\004\110\004\075\004\065\004\065\000\040\004\067\004\060\004\064\004\060\004\075\004\070\004\065\000\040\0001\0003}{section.13}% 58
\BOOKMARK [1][-]{section.14}{\376\377\004\033\004\065\004\072\004\106\004\070\004\117\000\040\0001\0004}{}% 59
\BOOKMARK [2][-]{subsection.14.1}{\376\377\004\037\004\076\004\073\004\076\004\066\004\070\004\102\004\065\004\073\004\114\004\075\004\113\004\065\000\040\004\070\000\040\004\075\004\065\004\076\004\102\004\100\004\070\004\106\004\060\004\102\004\065\004\073\004\114\004\075\004\113\004\065\000\040\004\074\004\060\004\102\004\100\004\070\004\106\004\113}{section.14}% 60
\BOOKMARK [2][-]{subsection.14.2}{\376\377\000P\000a\000g\000e\000R\000a\000n\000k}{section.14}% 61
\BOOKMARK [2][-]{subsection.14.3}{\376\377\004\034\004\076\004\064\004\065\004\073\004\114\000\040\004\033\004\065\004\076\004\075\004\102\004\114\004\065\004\062\004\060\000\040\004\070\000\040\004\077\004\100\004\076\004\064\004\103\004\072\004\102\004\070\004\062\004\075\004\113\004\065\000\040\004\074\004\060\004\102\004\100\004\070\004\106\004\113}{section.14}% 62
\BOOKMARK [2][-]{subsection.14.4}{\376\377\004\024\004\076\004\074\004\060\004\110\004\075\004\065\004\065\000\040\004\067\004\060\004\064\004\060\004\075\004\070\004\065\000\040\0001\0004}{section.14}% 63
\BOOKMARK [1][-]{section.15}{\376\377\004\033\004\065\004\072\004\106\004\070\004\117\000\040\0001\0005}{}% 64
\BOOKMARK [2][-]{subsection.15.1}{\376\377\004\042\004\065\004\076\004\100\004\065\004\074\004\113\000\040\004\037\004\065\004\100\004\100\004\076\004\075\004\060}{section.15}% 65
\BOOKMARK [2][-]{subsection.15.2}{\376\377\004\034\004\065\004\102\004\076\004\064\000\040\004\062\004\100\004\060\004\111\004\065\004\075\004\070\004\071\000\040\000\050\004\074\004\065\004\102\004\076\004\064\000\040\004\057\004\072\004\076\004\061\004\070\000\051}{section.15}% 66
\BOOKMARK [2][-]{subsection.15.3}{\376\377\004\024\004\076\004\074\004\060\004\110\004\075\004\065\004\065\000\040\004\067\004\060\004\064\004\060\004\075\004\070\004\065\000\040\0001\0005}{section.15}% 67
\BOOKMARK [1][-]{section.16}{\376\377\004\033\004\065\004\072\004\106\004\070\004\117\000\040\0001\0006}{}% 68
\BOOKMARK [2][-]{subsection.16.1}{\376\377\004\020\004\073\004\063\004\065\004\061\004\100\004\060\004\070\004\107\004\065\004\101\004\072\004\070\004\065\000\040\004\067\004\060\004\062\004\070\004\101\004\070\004\074\004\076\004\101\004\102\004\070\000\040\004\062\000\040\004\101\004\070\004\101\004\102\004\065\004\074\004\060\004\105\000\040\004\115\004\072\004\076\004\075\004\076\004\074\004\070\004\107\004\065\004\101\004\072\004\070\004\105\000\040\004\077\004\076\004\072\004\060\004\067\004\060\004\102\004\065\004\073\004\065\004\071}{section.16}% 69
\BOOKMARK [2][-]{subsection.16.2}{\376\377\004\036\004\077\004\070\004\101\004\060\004\075\004\070\004\065\000\040\004\060\004\073\004\063\004\076\004\100\004\070\004\102\004\074\004\060\000.\000\040\004\021\004\060\004\067\004\070\004\101\000\040\004\023\004\100\004\065\004\061\004\075\004\065\004\100\004\060}{section.16}% 70
\BOOKMARK [2][-]{subsection.16.3}{\376\377\004\024\004\076\004\074\004\060\004\110\004\075\004\065\004\065\000\040\004\067\004\060\004\064\004\060\004\075\004\070\004\065\000\040\0001\0006}{section.16}% 71
\BOOKMARK [1][-]{section.17}{\376\377\004\033\004\065\004\072\004\106\004\070\004\117\000\040\0001\0007}{}% 72
\BOOKMARK [2][-]{subsection.17.1}{\376\377\004\033\004\070\004\075\004\065\004\071\004\075\004\060\004\117\000\040\004\020\004\073\004\063\004\065\004\061\004\100\004\060\000\040\004\062\000\040\004\102\004\065\004\076\004\100\004\070\004\070\000\040\004\072\004\076\004\064\004\070\004\100\004\076\004\062\004\060\004\075\004\070\004\117}{section.17}% 73
\BOOKMARK [1][-]{section.18}{\376\377\004\033\004\065\004\072\004\106\004\070\004\117\000\040\0001\0008}{}% 74
\BOOKMARK [2][-]{subsection.18.1}{\376\377\004\027\004\060\004\064\004\060\004\107\004\060\000\040\004\073\004\070\004\075\004\065\004\071\004\075\004\076\004\063\004\076\000\040\004\077\004\100\004\076\004\063\004\100\004\060\004\074\004\074\004\070\004\100\004\076\004\062\004\060\004\075\004\070\004\117}{section.18}% 75
\BOOKMARK [2][-]{subsection.18.2}{\376\377\004\033\004\070\004\075\004\065\004\071\004\075\004\060\004\117\000\040\004\077\004\100\004\076\004\070\004\067\004\062\004\076\004\064\004\101\004\102\004\062\004\065\004\075\004\075\004\060\004\117\000\040\004\074\004\076\004\064\004\065\004\073\004\114}{section.18}% 76
