\BOOKMARK [1][-]{section.1}{\376\377\004\037\004\101\004\065\004\062\004\064\004\076\004\076\004\061\004\100\004\060\004\102\004\075\004\060\004\117\000\040\004\074\004\060\004\102\004\100\004\070\004\106\004\060}{}% 1
\BOOKMARK [2][-]{subsection.1.1}{\376\377\004\041\004\062\004\076\004\071\004\101\004\102\004\062\004\060}{section.1}% 2
\BOOKMARK [2][-]{subsection.1.2}{\376\377\004\041\004\072\004\065\004\073\004\065\004\102\004\075\004\076\004\065\000\040\004\100\004\060\004\067\004\073\004\076\004\066\004\065\004\075\004\070\004\065}{section.1}% 3
\BOOKMARK [2][-]{subsection.1.3}{\376\377\004\040\004\065\004\110\004\065\004\075\004\070\004\065\000\040\004\077\004\076\000\040\004\074\004\065\004\102\004\076\004\064\004\103\000\040\004\075\004\060\004\070\004\074\004\065\004\075\004\114\004\110\004\070\004\105\000\040\004\072\004\062\004\060\004\064\004\100\004\060\004\102\004\076\004\062}{section.1}% 4
\BOOKMARK [1][-]{section.2}{\376\377\004\041\004\070\004\075\004\063\004\103\004\073\004\117\004\100\004\075\004\076\004\065\000\040\004\100\004\060\004\067\004\073\004\076\004\066\004\065\004\075\004\070\004\065}{}% 5
\BOOKMARK [2][-]{subsection.2.1}{\376\377\004\041\004\103\004\102\004\114}{section.2}% 6
\BOOKMARK [2][-]{subsection.2.2}{\376\377\004\020\004\073\004\063\004\076\004\100\004\070\004\102\004\074\000\040\004\077\004\076\004\101\004\102\004\100\004\076\004\065\004\075\004\070\004\117}{section.2}% 7
\BOOKMARK [1][-]{section.3}{\376\377\004\037\004\100\004\070\004\061\004\073\004\070\004\066\004\121\004\075\004\075\004\113\004\065\000\040\004\100\004\065\004\110\004\065\004\075\004\070\004\117}{}% 8
\BOOKMARK [2][-]{subsection.3.1}{\376\377\004\037\004\101\004\065\004\062\004\064\004\076\004\100\004\065\004\110\004\065\004\075\004\070\004\065\000\040\004\041\004\033\004\043}{section.3}% 9
\BOOKMARK [2][-]{subsection.3.2}{\376\377\004\030\004\075\004\102\004\065\004\100\004\077\004\076\004\073\004\117\004\106\004\070\004\117}{section.3}% 10
\BOOKMARK [3][-]{subsubsection.3.2.1}{\376\377\004\036\004\077\004\100\004\065\004\064\004\065\004\073\004\070\004\102\004\065\004\073\004\114\000\040\004\022\004\060\004\075\004\064\004\065\004\100\004\074\004\076\004\075\004\064\004\060}{subsection.3.2}% 11
\BOOKMARK [3][-]{subsubsection.3.2.2}{\376\377\004\030\004\075\004\102\004\065\004\077\004\076\004\073\004\117\004\106\004\070\004\076\004\075\004\075\004\113\004\071\000\040\004\074\004\075\004\076\004\063\004\076\004\107\004\073\004\065\004\075\000\040\004\033\004\060\004\063\004\100\004\060\004\075\004\066\004\060}{subsection.3.2}% 12
\BOOKMARK [2][-]{subsection.3.3}{\376\377\004\037\004\076\004\073\004\070\004\075\004\076\004\074\004\070\004\060\004\073\004\114\004\075\004\060\004\117\000\040\004\070\004\075\004\102\004\065\004\100\004\077\004\076\004\073\004\117\004\106\004\070\004\117\000\040\004\101\000\040\004\072\004\100\004\060\004\102\004\075\004\113\004\074\004\070\000\040\004\103\004\067\004\073\004\060\004\074\004\070\000\040\000\040\004\034\004\075\004\076\004\063\004\076\004\107\004\073\004\065\004\075\000\040\004\055\004\100\004\074\004\070\004\102\004\060}{section.3}% 13
\BOOKMARK [1][-]{section.4}{\376\377\004\037\004\100\004\070\004\061\004\073\004\070\004\066\004\065\004\075\004\070\004\065\000\040\004\072\004\100\004\070\004\062\004\113\004\105}{}% 14
\BOOKMARK [2][-]{subsection.4.1}{\376\377\004\041\004\077\004\073\004\060\004\071\004\075\004\113}{section.4}% 15
\BOOKMARK [2][-]{subsection.4.2}{\376\377\004\032\004\100\004\070\004\062\004\113\004\065\000\040\004\021\004\065\004\067\004\114\004\065}{section.4}% 16
\BOOKMARK [1][-]{section.5}{\376\377\004\034\004\065\004\102\004\100\004\070\004\107\004\065\004\101\004\072\004\076\004\065\000\040\004\077\004\100\004\076\004\101\004\102\004\100\004\060\004\075\004\101\004\102\004\062\004\076}{}% 17
\BOOKMARK [2][-]{subsection.5.1}{\376\377\004\034\004\065\004\102\004\100\004\070\004\072\004\070\000,\000\040\004\050\004\060\004\100\004\113\000,\000\040\004\041\004\104\004\065\004\100\004\113}{section.5}% 18
\BOOKMARK [2][-]{subsection.5.2}{\376\377\004\035\004\076\004\100\004\074\004\060}{section.5}% 19
\BOOKMARK [2][-]{subsection.5.3}{\376\377\004\042\004\065\004\076\004\100\004\065\004\074\004\060\000\040\004\034\004\070\004\075\004\072\004\076\004\062\004\101\004\072\004\076\004\063\004\076}{section.5}% 20
\BOOKMARK [1][-]{section.6}{\376\377\004\034\004\075\004\076\004\063\004\076\004\107\004\073\004\065\004\075\004\113\000\040\004\047\004\065\004\061\004\113\004\110\004\065\004\062\004\060}{}% 21
\BOOKMARK [1][-]{section.7}{\376\377\004\034\004\060\004\102\004\100\004\070\004\107\004\075\004\113\004\065\000\040\004\075\004\076\004\100\004\074\004\113}{}% 22
